<?xml version="1.0" encoding="UTF-8"?>
<testng-results ignored="0" total="1" passed="1" failed="0" skipped="0">
  <reporter-output>
  </reporter-output>
  <suite started-at="2023-02-10T23:29:17 EST" name="Default suite" finished-at="2023-02-10T23:29:42 EST" duration-ms="24505">
    <groups>
    </groups>
    <test started-at="2023-02-10T23:29:17 EST" name="Default test" finished-at="2023-02-10T23:29:42 EST" duration-ms="24505">
      <class name="testcases.SearchTest">
        <test-method is-config="true" signature="launchApplication()[pri:0, instance:testcases.SearchTest@290222c1]" started-at="2023-02-10T23:29:17 EST" name="launchApplication" finished-at="2023-02-10T23:29:26 EST" duration-ms="8512" status="PASS">
          <reporter-output>
          </reporter-output>
        </test-method> <!-- launchApplication -->
        <test-method signature="searchProduct()[pri:0, instance:testcases.SearchTest@290222c1]" started-at="2023-02-10T23:29:26 EST" name="searchProduct" finished-at="2023-02-10T23:29:42 EST" duration-ms="15967" status="PASS">
          <reporter-output>
          </reporter-output>
        </test-method> <!-- searchProduct -->
      </class> <!-- testcases.SearchTest -->
    </test> <!-- Default test -->
  </suite> <!-- Default suite -->
</testng-results>
